app/build/intermediates/manifest_merge_blame_file/debug/manifest-merger-blame-debug-report.txt
1<?xml version="1.0" encoding="utf-8"?>
2<manifest xmlns:android="http://schemas.android.com/apk/res/android"
3    package="com.example.spacenbeyond"
4    android:versionCode="1"
5    android:versionName="1.0" >
6
7    <uses-sdk
8        android:minSdkVersion="24"
8-->src\main\AndroidManifest.xml
9        android:targetSdkVersion="28" />
9-->src\main\AndroidManifest.xml
10
11    <permission android:name="android.permission.CAMERA" />
11-->src\main\AndroidManifest.xml:5:5-60
11-->src\main\AndroidManifest.xml:5:17-57
12
13    <application
13-->src\main\AndroidManifest.xml:7:5-38:19
14        android:allowBackup="true"
14-->src\main\AndroidManifest.xml:8:9-35
15        android:appComponentFactory="androidx.core.app.CoreComponentFactory"
15-->[androidx.core:core:1.1.0] AndroidManifest.xml:24:18-86
16        android:debuggable="true"
17        android:icon="@mipmap/ic_launcher"
17-->src\main\AndroidManifest.xml:9:9-43
18        android:label="@string/app_name"
18-->src\main\AndroidManifest.xml:10:9-41
19        android:roundIcon="@mipmap/ic_launcher_round"
19-->src\main\AndroidManifest.xml:11:9-54
20        android:supportsRtl="true"
20-->src\main\AndroidManifest.xml:12:9-35
21        android:testOnly="true"
22        android:theme="@style/AppTheme" >
22-->src\main\AndroidManifest.xml:13:9-40
23        <activity android:name="com.example.spacenbeyond.views.HoActivity" />
23-->src\main\AndroidManifest.xml:14:9-63
23-->src\main\AndroidManifest.xml:14:19-51
24        <activity
24-->src\main\AndroidManifest.xml:15:9-17:52
25            android:name="com.example.spacenbeyond.views.MainActivity"
25-->src\main\AndroidManifest.xml:16:13-47
26            android:screenOrientation="portrait" />
26-->src\main\AndroidManifest.xml:17:13-49
27        <activity
27-->src\main\AndroidManifest.xml:18:9-20:52
28            android:name="com.example.spacenbeyond.views.CadastroActivity"
28-->src\main\AndroidManifest.xml:19:13-51
29            android:screenOrientation="portrait" />
29-->src\main\AndroidManifest.xml:20:13-49
30        <activity
30-->src\main\AndroidManifest.xml:22:9-24:52
31            android:name="com.example.spacenbeyond.views.LoginActivity"
31-->src\main\AndroidManifest.xml:23:13-48
32            android:screenOrientation="portrait" />
32-->src\main\AndroidManifest.xml:24:13-49
33        <activity
33-->src\main\AndroidManifest.xml:25:9-33:20
34            android:name="com.example.spacenbeyond.views.SplashActivity"
34-->src\main\AndroidManifest.xml:26:13-49
35            android:screenOrientation="portrait" >
35-->src\main\AndroidManifest.xml:27:13-49
36            <intent-filter>
36-->src\main\AndroidManifest.xml:28:13-32:29
37                <action android:name="android.intent.action.MAIN" />
37-->src\main\AndroidManifest.xml:29:17-69
37-->src\main\AndroidManifest.xml:29:25-66
38
39                <category android:name="android.intent.category.LAUNCHER" />
39-->src\main\AndroidManifest.xml:31:17-77
39-->src\main\AndroidManifest.xml:31:27-74
40            </intent-filter>
41        </activity>
42
43        <meta-data
43-->src\main\AndroidManifest.xml:35:9-37:57
44            android:name="preloaded_fonts"
44-->src\main\AndroidManifest.xml:36:13-43
45            android:resource="@array/preloaded_fonts" />
45-->src\main\AndroidManifest.xml:37:13-54
46
47        <service
47-->[androidx.room:room-runtime:2.2.3] AndroidManifest.xml:25:9-27:40
48            android:name="androidx.room.MultiInstanceInvalidationService"
48-->[androidx.room:room-runtime:2.2.3] AndroidManifest.xml:26:13-74
49            android:exported="false" />
49-->[androidx.room:room-runtime:2.2.3] AndroidManifest.xml:27:13-37
50
51        <provider
51-->[androidx.lifecycle:lifecycle-process:2.2.0] AndroidManifest.xml:25:9-29:43
52            android:name="androidx.lifecycle.ProcessLifecycleOwnerInitializer"
52-->[androidx.lifecycle:lifecycle-process:2.2.0] AndroidManifest.xml:26:13-79
53            android:authorities="com.example.spacenbeyond.lifecycle-process"
53-->[androidx.lifecycle:lifecycle-process:2.2.0] AndroidManifest.xml:27:13-69
54            android:exported="false"
54-->[androidx.lifecycle:lifecycle-process:2.2.0] AndroidManifest.xml:28:13-37
55            android:multiprocess="true" />
55-->[androidx.lifecycle:lifecycle-process:2.2.0] AndroidManifest.xml:29:13-40
56    </application>
57
58</manifest>